{"kind":"client","case":"INIT","data":[{"type":"tcp","port":"5000","host":"localhost","protocol":"http","timeout":180000}],"callpoint":"at callpoint (F:\\server\\itechserver\\node_modules\\seneca\\seneca.js:756:30)","level":300,"isot":"2021-08-27T04:50:14.117Z","when":1630039814117,"level_name":"info","seneca_id":"pc1f7ttyek9c/1630039814063/14600/3.23.3/-"}
{"kind":"client","case":"INIT","data":[{"type":"tcp","port":"5000","host":"localhost","protocol":"http","timeout":180000}],"callpoint":"at callpoint (F:\\server\\itechserver\\node_modules\\seneca\\seneca.js:756:30)","level":300,"isot":"2021-08-27T04:50:14.125Z","when":1630039814125,"level_name":"info","seneca_id":"b5chw8uebp0p/1630039814121/14600/3.23.3/-"}
{"kind":"client","case":"INIT","data":[{"type":"tcp","port":"5000","host":"localhost","protocol":"http","timeout":180000}],"callpoint":"at callpoint (F:\\server\\itechserver\\node_modules\\seneca\\seneca.js:756:30)","level":300,"isot":"2021-08-27T04:50:14.256Z","when":1630039814256,"level_name":"info","seneca_id":"b5ft5ds3vcgv/1630039814253/14600/3.23.3/-"}
{"kind":"client","case":"INIT","data":[{"type":"tcp","port":"5000","host":"localhost","protocol":"http","timeout":180000}],"callpoint":"at callpoint (F:\\server\\itechserver\\node_modules\\seneca\\seneca.js:756:30)","level":300,"isot":"2021-08-27T04:50:14.262Z","when":1630039814262,"level_name":"info","seneca_id":"gt606z80t4ac/1630039814258/14600/3.23.3/-"}
{"kind":"client","case":"INIT","data":[{"type":"tcp","port":"5000","host":"localhost","protocol":"http","timeout":180000}],"callpoint":"at callpoint (F:\\server\\itechserver\\node_modules\\seneca\\seneca.js:756:30)","level":300,"isot":"2021-08-27T04:50:14.267Z","when":1630039814267,"level_name":"info","seneca_id":"8lujshnmejlt/1630039814264/14600/3.23.3/-"}
{"kind":"client","case":"INIT","data":[{"type":"tcp","port":"5000","host":"localhost","protocol":"http","timeout":180000}],"callpoint":"at callpoint (F:\\server\\itechserver\\node_modules\\seneca\\seneca.js:756:30)","level":300,"isot":"2021-08-27T04:50:14.271Z","when":1630039814271,"level_name":"info","seneca_id":"2agag55lvhqj/1630039814268/14600/3.23.3/-"}
app is running at 8080
{"kind":"plugin","case":"READY","name":"transport","level":300,"isot":"2021-08-27T04:50:14.676Z","when":1630039814676,"level_name":"info","seneca_id":"pc1f7ttyek9c/1630039814063/14600/3.23.3/-","seneca_did":"532i","plugin_name":"transport"}
{"kind":"plugin","case":"READY","name":"transport","level":300,"isot":"2021-08-27T04:50:14.676Z","when":1630039814676,"level_name":"info","seneca_id":"b5chw8uebp0p/1630039814121/14600/3.23.3/-","seneca_did":"uoub","plugin_name":"transport"}
{"kind":"plugin","case":"READY","name":"transport","level":300,"isot":"2021-08-27T04:50:14.677Z","when":1630039814677,"level_name":"info","seneca_id":"b5ft5ds3vcgv/1630039814253/14600/3.23.3/-","seneca_did":"64c2","plugin_name":"transport"}
{"kind":"plugin","case":"READY","name":"transport","level":300,"isot":"2021-08-27T04:50:14.677Z","when":1630039814677,"level_name":"info","seneca_id":"gt606z80t4ac/1630039814258/14600/3.23.3/-","seneca_did":"yeep","plugin_name":"transport"}
{"kind":"plugin","case":"READY","name":"transport","level":300,"isot":"2021-08-27T04:50:14.678Z","when":1630039814678,"level_name":"info","seneca_id":"8lujshnmejlt/1630039814264/14600/3.23.3/-","seneca_did":"kikv","plugin_name":"transport"}
{"kind":"plugin","case":"READY","name":"transport","level":300,"isot":"2021-08-27T04:50:14.678Z","when":1630039814678,"level_name":"info","seneca_id":"2agag55lvhqj/1630039814268/14600/3.23.3/-","seneca_did":"dnds","plugin_name":"transport"}
{"kind":"notice","data":"hello pc1f7ttyek9c/1630039814063/14600/3.23.3/-","level":300,"isot":"2021-08-27T04:50:14.680Z","when":1630039814680,"level_name":"info","seneca_id":"pc1f7ttyek9c/1630039814063/14600/3.23.3/-"}
{"kind":"notice","data":"hello b5chw8uebp0p/1630039814121/14600/3.23.3/-","level":300,"isot":"2021-08-27T04:50:14.681Z","when":1630039814681,"level_name":"info","seneca_id":"b5chw8uebp0p/1630039814121/14600/3.23.3/-"}
{"kind":"notice","data":"hello b5ft5ds3vcgv/1630039814253/14600/3.23.3/-","level":300,"isot":"2021-08-27T04:50:14.681Z","when":1630039814681,"level_name":"info","seneca_id":"b5ft5ds3vcgv/1630039814253/14600/3.23.3/-"}
{"kind":"notice","data":"hello gt606z80t4ac/1630039814258/14600/3.23.3/-","level":300,"isot":"2021-08-27T04:50:14.682Z","when":1630039814682,"level_name":"info","seneca_id":"gt606z80t4ac/1630039814258/14600/3.23.3/-"}
{"kind":"notice","data":"hello 8lujshnmejlt/1630039814264/14600/3.23.3/-","level":300,"isot":"2021-08-27T04:50:14.683Z","when":1630039814683,"level_name":"info","seneca_id":"8lujshnmejlt/1630039814264/14600/3.23.3/-"}
{"kind":"notice","data":"hello 2agag55lvhqj/1630039814268/14600/3.23.3/-","level":300,"isot":"2021-08-27T04:50:14.683Z","when":1630039814683,"level_name":"info","seneca_id":"2agag55lvhqj/1630039814268/14600/3.23.3/-"}
body aditya@gmail.com
body @Aditya123
use find {
  isBlocked: false,
  isVerified: false,
  isGranted: false,
  role: 0,
  isNewUser: true,
  _id: '612759ed39a0be75a8798ceb',
  name: 'Aditya',
  email: 'aditya@gmail.com',
  password: '$2b$10$aiP/V.zL9GF7GnmsqSsLo.VzKu2.A9lQ0PyCtfnRvRrdOeAY5OZmK',
  publicKey: 'aditya-qkIbrcwDE',
  __v: 0,
  createdAt: '2021-08-26T09:07:57.457Z',
  updatedAt: '2021-08-26T09:07:58.367Z',
  verificationExpires: '2021-08-26T15:07:58.352Z',
  verificationToken: '24aa74eb222bb5136e6172b7e48490f74ed71d74'
}
auth done
body aditya@gmail.com
body @Aditya123
use find {
  isBlocked: false,
  isVerified: false,
  isGranted: false,
  role: 0,
  isNewUser: true,
  _id: '612759ed39a0be75a8798ceb',
  name: 'Aditya',
  email: 'aditya@gmail.com',
  password: '$2b$10$aiP/V.zL9GF7GnmsqSsLo.VzKu2.A9lQ0PyCtfnRvRrdOeAY5OZmK',
  publicKey: 'aditya-qkIbrcwDE',
  __v: 0,
  createdAt: '2021-08-26T09:07:57.457Z',
  updatedAt: '2021-08-26T09:07:58.367Z',
  verificationExpires: '2021-08-26T15:07:58.352Z',
  verificationToken: '24aa74eb222bb5136e6172b7e48490f74ed71d74'
}
auth done
body aditya@gmail.com
body @Aditya123
use find {
  isBlocked: false,
  isVerified: false,
  isGranted: false,
  role: 0,
  isNewUser: true,
  _id: '612759ed39a0be75a8798ceb',
  name: 'Aditya',
  email: 'aditya@gmail.com',
  password: '$2b$10$aiP/V.zL9GF7GnmsqSsLo.VzKu2.A9lQ0PyCtfnRvRrdOeAY5OZmK',
  publicKey: 'aditya-qkIbrcwDE',
  __v: 0,
  createdAt: '2021-08-26T09:07:57.457Z',
  updatedAt: '2021-08-26T09:07:58.367Z',
  verificationExpires: '2021-08-26T15:07:58.352Z',
  verificationToken: '24aa74eb222bb5136e6172b7e48490f74ed71d74'
}
auth done
body aditya@gmail.com
body @Aditya123
use find {
  isBlocked: false,
  isVerified: false,
  isGranted: false,
  role: 0,
  isNewUser: true,
  _id: '612759ed39a0be75a8798ceb',
  name: 'Aditya',
  email: 'aditya@gmail.com',
  password: '$2b$10$aiP/V.zL9GF7GnmsqSsLo.VzKu2.A9lQ0PyCtfnRvRrdOeAY5OZmK',
  publicKey: 'aditya-qkIbrcwDE',
  __v: 0,
  createdAt: '2021-08-26T09:07:57.457Z',
  updatedAt: '2021-08-26T09:07:58.367Z',
  verificationExpires: '2021-08-26T15:07:58.352Z',
  verificationToken: '24aa74eb222bb5136e6172b7e48490f74ed71d74'
}
auth done
body aditya@gmail.com
body @Aditya123
use find {
  isBlocked: false,
  isVerified: false,
  isGranted: false,
  role: 0,
  isNewUser: true,
  _id: '612759ed39a0be75a8798ceb',
  name: 'Aditya',
  email: 'aditya@gmail.com',
  password: '$2b$10$aiP/V.zL9GF7GnmsqSsLo.VzKu2.A9lQ0PyCtfnRvRrdOeAY5OZmK',
  publicKey: 'aditya-qkIbrcwDE',
  __v: 0,
  createdAt: '2021-08-26T09:07:57.457Z',
  updatedAt: '2021-08-26T09:07:58.367Z',
  verificationExpires: '2021-08-26T15:07:58.352Z',
  verificationToken: '24aa74eb222bb5136e6172b7e48490f74ed71d74'
}
auth done
body aditya@gmail.com
body @Aditya123
use find {
  isBlocked: false,
  isVerified: false,
  isGranted: false,
  role: 0,
  isNewUser: true,
  _id: '612759ed39a0be75a8798ceb',
  name: 'Aditya',
  email: 'aditya@gmail.com',
  password: '$2b$10$aiP/V.zL9GF7GnmsqSsLo.VzKu2.A9lQ0PyCtfnRvRrdOeAY5OZmK',
  publicKey: 'aditya-qkIbrcwDE',
  __v: 0,
  createdAt: '2021-08-26T09:07:57.457Z',
  updatedAt: '2021-08-26T09:07:58.367Z',
  verificationExpires: '2021-08-26T15:07:58.352Z',
  verificationToken: '24aa74eb222bb5136e6172b7e48490f74ed71d74'
}
auth done
body aditya@gmail.com
body @Aditya123
use find {
  isBlocked: false,
  isVerified: false,
  isGranted: false,
  role: 0,
  isNewUser: true,
  _id: '612759ed39a0be75a8798ceb',
  name: 'Aditya',
  email: 'aditya@gmail.com',
  password: '$2b$10$aiP/V.zL9GF7GnmsqSsLo.VzKu2.A9lQ0PyCtfnRvRrdOeAY5OZmK',
  publicKey: 'aditya-qkIbrcwDE',
  __v: 0,
  createdAt: '2021-08-26T09:07:57.457Z',
  updatedAt: '2021-08-26T09:07:58.367Z',
  verificationExpires: '2021-08-26T15:07:58.352Z',
  verificationToken: '24aa74eb222bb5136e6172b7e48490f74ed71d74'
}
auth done
body aditya@gmail.com
body @Aditya123
use find {
  isBlocked: false,
  isVerified: false,
  isGranted: false,
  role: 0,
  isNewUser: true,
  _id: '612759ed39a0be75a8798ceb',
  name: 'Aditya',
  email: 'aditya@gmail.com',
  password: '$2b$10$aiP/V.zL9GF7GnmsqSsLo.VzKu2.A9lQ0PyCtfnRvRrdOeAY5OZmK',
  publicKey: 'aditya-qkIbrcwDE',
  __v: 0,
  createdAt: '2021-08-26T09:07:57.457Z',
  updatedAt: '2021-08-26T09:07:58.367Z',
  verificationExpires: '2021-08-26T15:07:58.352Z',
  verificationToken: '24aa74eb222bb5136e6172b7e48490f74ed71d74'
}
auth done
{"kind":"client","case":"INIT","data":[{"type":"tcp","port":"5000","host":"localhost","protocol":"http","timeout":180000}],"callpoint":"at callpoint (F:\\server\\itechserver\\node_modules\\seneca\\seneca.js:756:30)","level":300,"isot":"2021-08-27T06:20:40.837Z","when":1630045240837,"level_name":"info","seneca_id":"xqp3ax6osirz/1630045240642/9692/3.23.3/-"}
{"kind":"client","case":"INIT","data":[{"type":"tcp","port":"5000","host":"localhost","protocol":"http","timeout":180000}],"callpoint":"at callpoint (F:\\server\\itechserver\\node_modules\\seneca\\seneca.js:756:30)","level":300,"isot":"2021-08-27T06:20:40.863Z","when":1630045240863,"level_name":"info","seneca_id":"721p4d7y6vin/1630045240858/9692/3.23.3/-"}
{"kind":"client","case":"INIT","data":[{"type":"tcp","port":"5000","host":"localhost","protocol":"http","timeout":180000}],"callpoint":"at callpoint (F:\\server\\itechserver\\node_modules\\seneca\\seneca.js:756:30)","level":300,"isot":"2021-08-27T06:20:41.415Z","when":1630045241415,"level_name":"info","seneca_id":"e19lotnerqit/1630045241410/9692/3.23.3/-"}
{"kind":"client","case":"INIT","data":[{"type":"tcp","port":"5000","host":"localhost","protocol":"http","timeout":180000}],"callpoint":"at callpoint (F:\\server\\itechserver\\node_modules\\seneca\\seneca.js:756:30)","level":300,"isot":"2021-08-27T06:20:41.436Z","when":1630045241436,"level_name":"info","seneca_id":"8k5bos35ayld/1630045241429/9692/3.23.3/-"}
{"kind":"client","case":"INIT","data":[{"type":"tcp","port":"5000","host":"localhost","protocol":"http","timeout":180000}],"callpoint":"at callpoint (F:\\server\\itechserver\\node_modules\\seneca\\seneca.js:756:30)","level":300,"isot":"2021-08-27T06:20:41.454Z","when":1630045241454,"level_name":"info","seneca_id":"ykbhay0gel1e/1630045241451/9692/3.23.3/-"}
{"kind":"client","case":"INIT","data":[{"type":"tcp","port":"5000","host":"localhost","protocol":"http","timeout":180000}],"callpoint":"at callpoint (F:\\server\\itechserver\\node_modules\\seneca\\seneca.js:756:30)","level":300,"isot":"2021-08-27T06:20:41.460Z","when":1630045241460,"level_name":"info","seneca_id":"j39mo7z39ahp/1630045241457/9692/3.23.3/-"}
app is running at 8080
{"kind":"plugin","case":"READY","name":"transport","level":300,"isot":"2021-08-27T06:20:43.912Z","when":1630045243912,"level_name":"info","seneca_id":"xqp3ax6osirz/1630045240642/9692/3.23.3/-","seneca_did":"4u1r","plugin_name":"transport"}
{"kind":"plugin","case":"READY","name":"transport","level":300,"isot":"2021-08-27T06:20:43.913Z","when":1630045243913,"level_name":"info","seneca_id":"721p4d7y6vin/1630045240858/9692/3.23.3/-","seneca_did":"ooco","plugin_name":"transport"}
{"kind":"plugin","case":"READY","name":"transport","level":300,"isot":"2021-08-27T06:20:43.914Z","when":1630045243914,"level_name":"info","seneca_id":"e19lotnerqit/1630045241410/9692/3.23.3/-","seneca_did":"4gq4","plugin_name":"transport"}
{"kind":"plugin","case":"READY","name":"transport","level":300,"isot":"2021-08-27T06:20:43.914Z","when":1630045243914,"level_name":"info","seneca_id":"8k5bos35ayld/1630045241429/9692/3.23.3/-","seneca_did":"jtk8","plugin_name":"transport"}
{"kind":"plugin","case":"READY","name":"transport","level":300,"isot":"2021-08-27T06:20:43.915Z","when":1630045243915,"level_name":"info","seneca_id":"ykbhay0gel1e/1630045241451/9692/3.23.3/-","seneca_did":"92i5","plugin_name":"transport"}
{"kind":"plugin","case":"READY","name":"transport","level":300,"isot":"2021-08-27T06:20:43.915Z","when":1630045243915,"level_name":"info","seneca_id":"j39mo7z39ahp/1630045241457/9692/3.23.3/-","seneca_did":"31ms","plugin_name":"transport"}
{"kind":"notice","data":"hello xqp3ax6osirz/1630045240642/9692/3.23.3/-","level":300,"isot":"2021-08-27T06:20:43.917Z","when":1630045243917,"level_name":"info","seneca_id":"xqp3ax6osirz/1630045240642/9692/3.23.3/-"}
{"kind":"notice","data":"hello 721p4d7y6vin/1630045240858/9692/3.23.3/-","level":300,"isot":"2021-08-27T06:20:43.918Z","when":1630045243918,"level_name":"info","seneca_id":"721p4d7y6vin/1630045240858/9692/3.23.3/-"}
{"kind":"notice","data":"hello e19lotnerqit/1630045241410/9692/3.23.3/-","level":300,"isot":"2021-08-27T06:20:43.918Z","when":1630045243918,"level_name":"info","seneca_id":"e19lotnerqit/1630045241410/9692/3.23.3/-"}
{"kind":"notice","data":"hello 8k5bos35ayld/1630045241429/9692/3.23.3/-","level":300,"isot":"2021-08-27T06:20:43.919Z","when":1630045243919,"level_name":"info","seneca_id":"8k5bos35ayld/1630045241429/9692/3.23.3/-"}
{"kind":"notice","data":"hello ykbhay0gel1e/1630045241451/9692/3.23.3/-","level":300,"isot":"2021-08-27T06:20:43.919Z","when":1630045243919,"level_name":"info","seneca_id":"ykbhay0gel1e/1630045241451/9692/3.23.3/-"}
{"kind":"notice","data":"hello j39mo7z39ahp/1630045241457/9692/3.23.3/-","level":300,"isot":"2021-08-27T06:20:43.920Z","when":1630045243920,"level_name":"info","seneca_id":"j39mo7z39ahp/1630045241457/9692/3.23.3/-"}
body aditya@gmail.com
body @Aditya123
use find {
  isBlocked: false,
  isVerified: false,
  isGranted: false,
  role: 0,
  isNewUser: true,
  _id: '612759ed39a0be75a8798ceb',
  name: 'Aditya',
  email: 'aditya@gmail.com',
  password: '$2b$10$aiP/V.zL9GF7GnmsqSsLo.VzKu2.A9lQ0PyCtfnRvRrdOeAY5OZmK',
  publicKey: 'aditya-qkIbrcwDE',
  __v: 0,
  createdAt: '2021-08-26T09:07:57.457Z',
  updatedAt: '2021-08-26T09:07:58.367Z',
  verificationExpires: '2021-08-26T15:07:58.352Z',
  verificationToken: '24aa74eb222bb5136e6172b7e48490f74ed71d74'
}
auth done
body aditya@gmail.com
body @Aditya123
use find {
  isBlocked: false,
  isVerified: false,
  isGranted: false,
  role: 0,
  isNewUser: true,
  _id: '612759ed39a0be75a8798ceb',
  name: 'Aditya',
  email: 'aditya@gmail.com',
  password: '$2b$10$aiP/V.zL9GF7GnmsqSsLo.VzKu2.A9lQ0PyCtfnRvRrdOeAY5OZmK',
  publicKey: 'aditya-qkIbrcwDE',
  __v: 0,
  createdAt: '2021-08-26T09:07:57.457Z',
  updatedAt: '2021-08-26T09:07:58.367Z',
  verificationExpires: '2021-08-26T15:07:58.352Z',
  verificationToken: '24aa74eb222bb5136e6172b7e48490f74ed71d74'
}
auth done
body aditya@gmail.com
body @Aditya123
use find {
  isBlocked: false,
  isVerified: false,
  isGranted: false,
  role: 0,
  isNewUser: true,
  _id: '612759ed39a0be75a8798ceb',
  name: 'Aditya',
  email: 'aditya@gmail.com',
  password: '$2b$10$aiP/V.zL9GF7GnmsqSsLo.VzKu2.A9lQ0PyCtfnRvRrdOeAY5OZmK',
  publicKey: 'aditya-qkIbrcwDE',
  __v: 0,
  createdAt: '2021-08-26T09:07:57.457Z',
  updatedAt: '2021-08-26T09:07:58.367Z',
  verificationExpires: '2021-08-26T15:07:58.352Z',
  verificationToken: '24aa74eb222bb5136e6172b7e48490f74ed71d74'
}
auth done
{"kind":"client","case":"INIT","data":[{"type":"tcp","port":"5000","host":"localhost","protocol":"http","timeout":180000}],"callpoint":"at callpoint (F:\\server\\itechserver\\node_modules\\seneca\\seneca.js:756:30)","level":300,"isot":"2021-08-27T08:10:35.312Z","when":1630051835312,"level_name":"info","seneca_id":"2d1jwzq45olx/1630051833950/9552/3.23.3/-"}
{"kind":"client","case":"INIT","data":[{"type":"tcp","port":"5000","host":"localhost","protocol":"http","timeout":180000}],"callpoint":"at callpoint (F:\\server\\itechserver\\node_modules\\seneca\\seneca.js:756:30)","level":300,"isot":"2021-08-27T08:10:35.391Z","when":1630051835391,"level_name":"info","seneca_id":"i35m9hp9mbnr/1630051835372/9552/3.23.3/-"}
{"kind":"client","case":"INIT","data":[{"type":"tcp","port":"5000","host":"localhost","protocol":"http","timeout":180000}],"callpoint":"at callpoint (F:\\server\\itechserver\\node_modules\\seneca\\seneca.js:756:30)","level":300,"isot":"2021-08-27T08:10:37.104Z","when":1630051837104,"level_name":"info","seneca_id":"h66nvftodh9c/1630051837093/9552/3.23.3/-"}
{"kind":"client","case":"INIT","data":[{"type":"tcp","port":"5000","host":"localhost","protocol":"http","timeout":180000}],"callpoint":"at callpoint (F:\\server\\itechserver\\node_modules\\seneca\\seneca.js:756:30)","level":300,"isot":"2021-08-27T08:10:37.139Z","when":1630051837139,"level_name":"info","seneca_id":"q6g4xrbe89nf/1630051837128/9552/3.23.3/-"}
{"kind":"client","case":"INIT","data":[{"type":"tcp","port":"5000","host":"localhost","protocol":"http","timeout":180000}],"callpoint":"at callpoint (F:\\server\\itechserver\\node_modules\\seneca\\seneca.js:756:30)","level":300,"isot":"2021-08-27T08:10:37.179Z","when":1630051837179,"level_name":"info","seneca_id":"5g5v306u51qp/1630051837172/9552/3.23.3/-"}
{"kind":"client","case":"INIT","data":[{"type":"tcp","port":"5000","host":"localhost","protocol":"http","timeout":180000}],"callpoint":"at callpoint (F:\\server\\itechserver\\node_modules\\seneca\\seneca.js:756:30)","level":300,"isot":"2021-08-27T08:10:37.192Z","when":1630051837192,"level_name":"info","seneca_id":"nixkn6wbd8bw/1630051837184/9552/3.23.3/-"}
app is running at 8080
{"kind":"plugin","case":"READY","name":"transport","level":300,"isot":"2021-08-27T08:10:45.014Z","when":1630051845014,"level_name":"info","seneca_id":"2d1jwzq45olx/1630051833950/9552/3.23.3/-","seneca_did":"fe8l","plugin_name":"transport"}
{"kind":"plugin","case":"READY","name":"transport","level":300,"isot":"2021-08-27T08:10:45.015Z","when":1630051845015,"level_name":"info","seneca_id":"i35m9hp9mbnr/1630051835372/9552/3.23.3/-","seneca_did":"v006","plugin_name":"transport"}
{"kind":"plugin","case":"READY","name":"transport","level":300,"isot":"2021-08-27T08:10:45.016Z","when":1630051845016,"level_name":"info","seneca_id":"h66nvftodh9c/1630051837093/9552/3.23.3/-","seneca_did":"rtf2","plugin_name":"transport"}
{"kind":"plugin","case":"READY","name":"transport","level":300,"isot":"2021-08-27T08:10:45.016Z","when":1630051845016,"level_name":"info","seneca_id":"q6g4xrbe89nf/1630051837128/9552/3.23.3/-","seneca_did":"4oy8","plugin_name":"transport"}
{"kind":"plugin","case":"READY","name":"transport","level":300,"isot":"2021-08-27T08:10:45.017Z","when":1630051845017,"level_name":"info","seneca_id":"5g5v306u51qp/1630051837172/9552/3.23.3/-","seneca_did":"r64s","plugin_name":"transport"}
{"kind":"plugin","case":"READY","name":"transport","level":300,"isot":"2021-08-27T08:10:45.017Z","when":1630051845017,"level_name":"info","seneca_id":"nixkn6wbd8bw/1630051837184/9552/3.23.3/-","seneca_did":"91bv","plugin_name":"transport"}
{"kind":"notice","data":"hello 2d1jwzq45olx/1630051833950/9552/3.23.3/-","level":300,"isot":"2021-08-27T08:10:45.019Z","when":1630051845019,"level_name":"info","seneca_id":"2d1jwzq45olx/1630051833950/9552/3.23.3/-"}
{"kind":"notice","data":"hello i35m9hp9mbnr/1630051835372/9552/3.23.3/-","level":300,"isot":"2021-08-27T08:10:45.020Z","when":1630051845020,"level_name":"info","seneca_id":"i35m9hp9mbnr/1630051835372/9552/3.23.3/-"}
{"kind":"notice","data":"hello h66nvftodh9c/1630051837093/9552/3.23.3/-","level":300,"isot":"2021-08-27T08:10:45.021Z","when":1630051845021,"level_name":"info","seneca_id":"h66nvftodh9c/1630051837093/9552/3.23.3/-"}
{"kind":"notice","data":"hello q6g4xrbe89nf/1630051837128/9552/3.23.3/-","level":300,"isot":"2021-08-27T08:10:45.021Z","when":1630051845021,"level_name":"info","seneca_id":"q6g4xrbe89nf/1630051837128/9552/3.23.3/-"}
{"kind":"notice","data":"hello 5g5v306u51qp/1630051837172/9552/3.23.3/-","level":300,"isot":"2021-08-27T08:10:45.022Z","when":1630051845022,"level_name":"info","seneca_id":"5g5v306u51qp/1630051837172/9552/3.23.3/-"}
{"kind":"notice","data":"hello nixkn6wbd8bw/1630051837184/9552/3.23.3/-","level":300,"isot":"2021-08-27T08:10:45.022Z","when":1630051845022,"level_name":"info","seneca_id":"nixkn6wbd8bw/1630051837184/9552/3.23.3/-"}
body aditya@gmail.com
body @Aditya123
use find {
  isBlocked: false,
  isVerified: false,
  isGranted: false,
  role: 0,
  isNewUser: true,
  _id: '612759ed39a0be75a8798ceb',
  name: 'Aditya',
  email: 'aditya@gmail.com',
  password: '$2b$10$aiP/V.zL9GF7GnmsqSsLo.VzKu2.A9lQ0PyCtfnRvRrdOeAY5OZmK',
  publicKey: 'aditya-qkIbrcwDE',
  __v: 0,
  createdAt: '2021-08-26T09:07:57.457Z',
  updatedAt: '2021-08-26T09:07:58.367Z',
  verificationExpires: '2021-08-26T15:07:58.352Z',
  verificationToken: '24aa74eb222bb5136e6172b7e48490f74ed71d74'
}
auth done
